mode: atomic
github.com/zaffka/aggregator/config/config.go:47.39,49.17 2 2
github.com/zaffka/aggregator/config/config.go:54.2,54.27 1 2
github.com/zaffka/aggregator/config/config.go:49.17,52.3 2 1
github.com/zaffka/aggregator/config/config.go:57.60,62.16 4 4
github.com/zaffka/aggregator/config/config.go:66.2,67.16 2 3
github.com/zaffka/aggregator/config/config.go:71.2,71.12 1 2
github.com/zaffka/aggregator/config/config.go:62.16,64.3 1 1
github.com/zaffka/aggregator/config/config.go:67.16,69.3 1 1
github.com/zaffka/aggregator/config/config.go:74.50,77.27 2 3
github.com/zaffka/aggregator/config/config.go:89.2,89.12 1 3
github.com/zaffka/aggregator/config/config.go:77.27,78.37 1 2
github.com/zaffka/aggregator/config/config.go:78.37,86.4 1 4
github.com/zaffka/aggregator/config/config.go:92.52,95.28 2 3
github.com/zaffka/aggregator/config/config.go:105.2,105.12 1 3
github.com/zaffka/aggregator/config/config.go:95.28,96.36 1 2
github.com/zaffka/aggregator/config/config.go:96.36,102.4 1 3
github.com/zaffka/aggregator/config/config.go:108.41,111.27 2 0
github.com/zaffka/aggregator/config/config.go:117.2,117.28 1 0
github.com/zaffka/aggregator/config/config.go:121.2,121.12 1 0
github.com/zaffka/aggregator/config/config.go:111.27,112.37 1 0
github.com/zaffka/aggregator/config/config.go:112.37,114.4 1 0
github.com/zaffka/aggregator/config/config.go:117.28,119.3 1 0
github.com/zaffka/aggregator/config/config.go:124.33,124.60 1 0
github.com/zaffka/aggregator/config/config.go:125.33,125.57 1 0
